<!DOCTYPE HTML PUBLIC "-//W3C//DTD HTML 4.01 Transitional//EN">
<HTML>
 <HEAD>
   <TITLE> [Canorus-devel] Build r985 doesn't compile under macosx
   </TITLE>
   <LINK REL="Index" HREF="http://lists.berlios.de/pipermail/canorus-devel/2009-March/index.html" >
   <LINK REL="made" HREF="mailto:canorus-devel%40lists.berlios.de?Subject=Re%3A%20%5BCanorus-devel%5D%20Build%20r985%20doesn%27t%20compile%20under%20macosx&In-Reply-To=%3CE6031CAB-BE17-4D2A-9E66-2D86B45FFDC3%40titanium.sabren.com%3E">
   <META NAME="robots" CONTENT="index,nofollow">
   <style type="text/css">
       pre {
           white-space: pre-wrap;       /* css-2.1, curent FF, Opera, Safari */
           }
   </style>
   <META http-equiv="Content-Type" content="text/html; charset=us-ascii">
   <LINK REL="Previous"  HREF="000732.html">
   <LINK REL="Next"  HREF="000735.html">
 </HEAD>
 <BODY BGCOLOR="#ffffff">
   <H1>[Canorus-devel] Build r985 doesn't compile under macosx</H1>
    <B>Grzegorz Adam Hankiewicz</B> 
    <A HREF="mailto:canorus-devel%40lists.berlios.de?Subject=Re%3A%20%5BCanorus-devel%5D%20Build%20r985%20doesn%27t%20compile%20under%20macosx&In-Reply-To=%3CE6031CAB-BE17-4D2A-9E66-2D86B45FFDC3%40titanium.sabren.com%3E"
       TITLE="[Canorus-devel] Build r985 doesn't compile under macosx">gradha at titanium.sabren.com
       </A><BR>
    <I>Wed Mar 18 08:38:30 CET 2009</I>
    <P><UL>
        <LI>Previous message: <A HREF="000732.html">[Canorus-devel] Qt4.5: Performance
</A></li>
        <LI>Next message: <A HREF="000735.html">[Canorus-devel] Build r985 doesn't compile under macosx
</A></li>
         <LI> <B>Messages sorted by:</B> 
              <a href="date.html#733">[ date ]</a>
              <a href="thread.html#733">[ thread ]</a>
              <a href="subject.html#733">[ subject ]</a>
              <a href="author.html#733">[ author ]</a>
         </LI>
       </UL>
    <HR>  
<!--beginarticle-->
<PRE>ERROR:root:Error running command ['make', 'install']
ERROR:root:Return value 2
ERROR:root:Undefined symbols for architecture i386:
   &quot;Undefined symbols for architecture ppc:
  vtable for CAPluginAction&quot; ,&quot; referenced from:
       __ZTV14CAPluginAction$non_lazy_ptr in pluginaction.cpp.o
ld: symbol(s) not found for architecture i386
vtable for CAPluginAction&quot;, referenced from:
       __ZTV14CAPluginAction$non_lazy_ptr in pluginaction.cpp.o
ld: symbol(s) not found for architecture ppc
collect2: ld returned 1 exit status
collect2: ld returned 1 exit status
lipo: can't open input file: /var/folders/Us/UsO0wLwGFdiPPMqe80vxZ+++ 
+TI/-Tmp-//ccnrdegd.out (No such file or directory)
make[2]: *** [src/_CanorusPython.so] Error 1
make[1]: *** [src/CMakeFiles/_CanorusPython.dir/all] Error 2
make: *** [all] Error 2


</PRE>

<!--endarticle-->
    <HR>
    <P><UL>
        <!--threads-->
	<LI>Previous message: <A HREF="000732.html">[Canorus-devel] Qt4.5: Performance
</A></li>
	<LI>Next message: <A HREF="000735.html">[Canorus-devel] Build r985 doesn't compile under macosx
</A></li>
         <LI> <B>Messages sorted by:</B> 
              <a href="date.html#733">[ date ]</a>
              <a href="thread.html#733">[ thread ]</a>
              <a href="subject.html#733">[ subject ]</a>
              <a href="author.html#733">[ author ]</a>
         </LI>
       </UL>

<hr>
<a href="https://lists.berlios.de/mailman/listinfo/canorus-devel">More information about the Canorus-devel
mailing list</a><br>
</body></html>
